<?xml version="1.0" encoding="UTF-8"?>
<!-- Generated by org.testng.reporters.JUnitXMLReporter -->
<testsuite ignored="0" hostname="Admin-PC" failures="1" tests="2" name="FirefoxTest" time="99.654" errors="0" timestamp="2022-05-28T23:23:50 IST">
  <testcase classname="testClass.LastClass" name="VerifyFriendsTab" time="0.884"/>
  <testcase classname="testClass.LastClass" name="VerifyWatchTab" time="4.634">
    <failure type="java.lang.AssertionError" message="expected [https://www.facebook.com/friends] but found [https://www.facebook.com/]">
      <![CDATA[java.lang.AssertionError: expected [https://www.facebook.com/friends] but found [https://www.facebook.com/]
at testClass.LastClass.VerifyWatchTab(LastClass.java:77)
at java.base/java.util.ArrayList.forEach(ArrayList.java:1511)
... Removed 33 stack frames]]>
    </failure>
  </testcase> <!-- VerifyWatchTab -->
</testsuite> <!-- FirefoxTest -->
